<?xml version="1.0" encoding="UTF-8"?>
<!-- Generated by org.testng.reporters.JUnitXMLReporter -->
<testsuite ignored="0" hostname="DESKTOP-UAHEQIO" failures="1" tests="1" name="TestChrome" time="10.57" errors="0" timestamp="2023-05-07T10:43:20 IST">
  <testcase classname="Com.Test.Test_1" name="verifylogin_page" time="0.107">
    <failure type="java.lang.NullPointerException" message="Cannot invoke &amp;quot;org.apache.poi.xssf.usermodel.XSSFWorkbook.getSheet(String)&amp;quot; because &amp;quot;this.wb&amp;quot; is null">
      <![CDATA[java.lang.NullPointerException: Cannot invoke "org.apache.poi.xssf.usermodel.XSSFWorkbook.getSheet(String)" because "this.wb" is null
at Com.Utility.ExcelDataProvider.getStringdata_Excel(ExcelDataProvider.java:19)
at Com.Test.Test_1.verifylogin_page(Test_1.java:19)
at java.base/java.util.ArrayList.forEach(ArrayList.java:1511)
... Removed 27 stack frames]]>
    </failure>
  </testcase> <!-- verifylogin_page -->
</testsuite> <!-- TestChrome -->
