<?xml version="1.0" encoding="UTF-8"?>
<!-- Generated by org.testng.reporters.JUnitXMLReporter -->
<testsuite ignored="0" hostname="DESKTOP-UAHEQIO" failures="1" tests="1" name="Test" time="8.218" errors="0" timestamp="2023-05-08T18:21:07 IST">
  <testcase classname="Com.Test.Test_1" name="verify_loginpage" time="0.187">
    <failure type="java.lang.NullPointerException" message="Cannot invoke &amp;quot;com.aventstack.extentreports.ExtentTest.log(com.aventstack.extentreports.Status, String)&amp;quot; because &amp;quot;Com.Utility.Library.test&amp;quot; is null">
      <![CDATA[java.lang.NullPointerException: Cannot invoke "com.aventstack.extentreports.ExtentTest.log(com.aventstack.extentreports.Status, String)" because "Com.Utility.Library.test" is null
at Com.Utility.Library.custem_sendKeys(Library.java:46)
at Com.Test.Test_1.verify_loginpage(Test_1.java:21)
at java.base/java.util.ArrayList.forEach(ArrayList.java:1511)
... Removed 27 stack frames]]>
    </failure>
  </testcase> <!-- verify_loginpage -->
</testsuite> <!-- Test -->
